[2018-12-11T14:06:28.569-0200] [glassfish 5.0] [INFO] [NCLS-LOGGING-00009] [javax.enterprise.logging] [tid: _ThreadID=17 _ThreadName=RunLevelControllerThread-1544544388331] [timeMillis: 1544544388569] [levelValue: 800] [[
  Running GlassFish Version: GlassFish Server Open Source Edition  5.0  (build 25)]]

[2018-12-11T14:06:28.585-0200] [glassfish 5.0] [INFO] [NCLS-LOGGING-00010] [javax.enterprise.logging] [tid: _ThreadID=17 _ThreadName=RunLevelControllerThread-1544544388331] [timeMillis: 1544544388585] [levelValue: 800] [[
  Server log file is using Formatter class: com.sun.enterprise.server.logging.ODLLogFormatter]]

[2018-12-11T14:06:28.763-0200] [glassfish 5.0] [INFO] [NCLS-SECURITY-01115] [javax.enterprise.system.core.security] [tid: _ThreadID=19 _ThreadName=RunLevelControllerThread-1544544388370] [timeMillis: 1544544388763] [levelValue: 800] [[
  Realm [admin-realm] of classtype [com.sun.enterprise.security.auth.realm.file.FileRealm] successfully created.]]

[2018-12-11T14:06:28.778-0200] [glassfish 5.0] [INFO] [NCLS-SECURITY-01115] [javax.enterprise.system.core.security] [tid: _ThreadID=19 _ThreadName=RunLevelControllerThread-1544544388370] [timeMillis: 1544544388778] [levelValue: 800] [[
  Realm [file] of classtype [com.sun.enterprise.security.auth.realm.file.FileRealm] successfully created.]]

[2018-12-11T14:06:28.778-0200] [glassfish 5.0] [INFO] [NCLS-SECURITY-01115] [javax.enterprise.system.core.security] [tid: _ThreadID=19 _ThreadName=RunLevelControllerThread-1544544388370] [timeMillis: 1544544388778] [levelValue: 800] [[
  Realm [certificate] of classtype [com.sun.enterprise.security.auth.realm.certificate.CertificateRealm] successfully created.]]

[2018-12-11T14:06:28.977-0200] [glassfish 5.0] [INFO] [] [org.hibernate.validator.internal.util.Version] [tid: _ThreadID=18 _ThreadName=RunLevelControllerThread-1544544388346] [timeMillis: 1544544388977] [levelValue: 800] [[
  HV000001: Hibernate Validator 6.0.2.Final]]

[2018-12-11T14:06:29.471-0200] [glassfish 5.0] [INFO] [SEC-SVCS-00100] [javax.enterprise.security.services] [tid: _ThreadID=20 _ThreadName=RunLevelControllerThread-1544544388370] [timeMillis: 1544544389471] [levelValue: 800] [[
  Authorization Service has successfully initialized.]]

[2018-12-11T14:06:29.500-0200] [glassfish 5.0] [INFO] [] [org.glassfish.ha.store.spi.BackingStoreFactoryRegistry] [tid: _ThreadID=17 _ThreadName=RunLevelControllerThread-1544544388331] [timeMillis: 1544544389500] [levelValue: 800] [[
  Registered org.glassfish.ha.store.adapter.cache.ShoalBackingStoreProxy for persistence-type = replicated in BackingStoreFactoryRegistry]]

[2018-12-11T14:06:29.755-0200] [glassfish 5.0] [INFO] [NCLS-CORE-00087] [javax.enterprise.system.core] [tid: _ThreadID=19 _ThreadName=RunLevelControllerThread-1544544388370] [timeMillis: 1544544389755] [levelValue: 800] [[
  Grizzly Framework 2.4.1 started in: 59ms - bound to [/0.0.0.0:8080]]]

[2018-12-11T14:06:29.794-0200] [glassfish 5.0] [INFO] [NCLS-CORE-00087] [javax.enterprise.system.core] [tid: _ThreadID=19 _ThreadName=RunLevelControllerThread-1544544388370] [timeMillis: 1544544389794] [levelValue: 800] [[
  Grizzly Framework 2.4.1 started in: 15ms - bound to [/0.0.0.0:8181]]]

[2018-12-11T14:06:29.810-0200] [glassfish 5.0] [INFO] [NCLS-CORE-00087] [javax.enterprise.system.core] [tid: _ThreadID=19 _ThreadName=RunLevelControllerThread-1544544388370] [timeMillis: 1544544389810] [levelValue: 800] [[
  Grizzly Framework 2.4.1 started in: 0ms - bound to [/0.0.0.0:4848]]]

[2018-12-11T14:06:29.898-0200] [glassfish 5.0] [INFO] [NCLS-CORE-00087] [javax.enterprise.system.core] [tid: _ThreadID=17 _ThreadName=RunLevelControllerThread-1544544388331] [timeMillis: 1544544389898] [levelValue: 800] [[
  Grizzly Framework 2.4.1 started in: 0ms - bound to [/0.0.0.0:3700]]]

[2018-12-11T14:06:30.232-0200] [glassfish 5.0] [INFO] [NCLS-CORE-00017] [javax.enterprise.system.core] [tid: _ThreadID=1 _ThreadName=main] [timeMillis: 1544544390232] [levelValue: 800] [[
  GlassFish Server Open Source Edition  5.0  (25) startup time : Felix (13,641ms), startup services(1,901ms), total(15,542ms)]]

[2018-12-11T14:06:30.539-0200] [glassfish 5.0] [INFO] [jts.startup_msg] [javax.enterprise.system.core.transaction.com.sun.jts.CosTransactions] [tid: _ThreadID=18 _ThreadName=RunLevelControllerThread-1544544388346] [timeMillis: 1544544390539] [levelValue: 800] [[
  JTS5014: Recoverable JTS instance, serverId = [100]]]

[2018-12-11T14:06:32.108-0200] [glassfish 5.0] [INFO] [NCLS-JMX-00005] [javax.enterprise.system.jmx] [tid: _ThreadID=61 _ThreadName=Thread-12] [timeMillis: 1544544392108] [levelValue: 800] [[
  JMXStartupService has started JMXConnector on JMXService URL service:jmx:rmi://10.247.164.147:8686/jndi/rmi://10.247.164.147:8686/jmxrmi]]

[2018-12-11T14:06:32.527-0200] [glassfish 5.0] [INFO] [NCLS-CORE-00087] [javax.enterprise.system.core] [tid: _ThreadID=19 _ThreadName=RunLevelControllerThread-1544544388370] [timeMillis: 1544544392527] [levelValue: 800] [[
  Grizzly Framework 2.4.1 started in: 16ms - bound to [/0.0.0.0:7676]]]

[2018-12-11T14:06:32.542-0200] [glassfish 5.0] [INFO] [NCLS-BOOTSTRAP-00027] [javax.enterprise.bootstrap] [tid: _ThreadID=1 _ThreadName=main] [timeMillis: 1544544392542] [levelValue: 800] [[
  Registered com.sun.enterprise.glassfish.bootstrap.osgi.EmbeddedOSGiGlassFishImpl@3a401749 as OSGi service registration: org.apache.felix.framework.ServiceRegistrationImpl@75cf0de5.]]

[2018-12-11T14:06:32.961-0200] [glassfish 5.0] [INFO] [NCLS-CORE-00087] [javax.enterprise.system.core] [tid: _ThreadID=54 _ThreadName=pool-9-thread-1] [timeMillis: 1544544392961] [levelValue: 800] [[
  Grizzly Framework 2.4.1 started in: 0ms - bound to [/0.0.0.0:8181]]]

[2018-12-11T14:06:33.072-0200] [glassfish 5.0] [INFO] [NCLS-CORE-00092] [javax.enterprise.system.core] [tid: _ThreadID=91 _ThreadName=Thread-20] [timeMillis: 1544544393072] [levelValue: 800] [[
  Server shutdown initiated]]

[2018-12-11T14:06:33.114-0200] [glassfish 5.0] [INFO] [NCLS-BOOTSTRAP-00028] [javax.enterprise.bootstrap] [tid: _ThreadID=91 _ThreadName=Thread-20] [timeMillis: 1544544393114] [levelValue: 800] [[
  Unregistered com.sun.enterprise.glassfish.bootstrap.osgi.EmbeddedOSGiGlassFishImpl@3a401749 from service registry.]]

[2018-12-11T14:06:33.131-0200] [glassfish 5.0] [INFO] [] [] [tid: _ThreadID=91 _ThreadName=Thread-8] [timeMillis: 1544544393131] [levelValue: 800] [[
  FileMonitoring shutdown]]

[2018-12-11T14:06:33.170-0200] [glassfish 5.0] [INFO] [NCLS-JMX-00002] [javax.enterprise.system.jmx] [tid: _ThreadID=91 _ThreadName=Thread-20] [timeMillis: 1544544393170] [levelValue: 800] [[
  JMXStartupService: Stopped JMXConnectorServer: null]]

[2018-12-11T14:06:33.185-0200] [glassfish 5.0] [INFO] [NCLS-JMX-00001] [javax.enterprise.system.jmx] [tid: _ThreadID=91 _ThreadName=Thread-20] [timeMillis: 1544544393185] [levelValue: 800] [[
  JMXStartupService and JMXConnectors have been shut down.]]

[2018-12-11T14:06:33.221-0200] [glassfish 5.0] [SEVERE] [NCLS-CORE-00003] [javax.enterprise.system.core] [tid: _ThreadID=46 _ThreadName=admin-listener(5)] [timeMillis: 1544544393221] [levelValue: 1000] [[
  Exception while running a command
java.lang.RuntimeException: java.lang.InterruptedException
	at org.jvnet.hk2.config.Transactions.addTransaction(Transactions.java:535)
	at org.jvnet.hk2.config.Transactions.addTransaction(Transactions.java:496)
	at org.jvnet.hk2.config.Transaction.commit(Transaction.java:125)
	at org.jvnet.hk2.config.ConfigSupport.apply(ConfigSupport.java:395)
	at com.sun.enterprise.v3.admin.SetCommand.set(SetCommand.java:481)
	at com.sun.enterprise.v3.admin.SetCommand.execute(SetCommand.java:178)
	at com.sun.enterprise.v3.admin.CommandRunnerImpl$2$1.run(CommandRunnerImpl.java:540)
	at com.sun.enterprise.v3.admin.CommandRunnerImpl$2$1.run(CommandRunnerImpl.java:536)
	at java.security.AccessController.doPrivileged(Native Method)
	at javax.security.auth.Subject.doAs(Subject.java:360)
	at com.sun.enterprise.v3.admin.CommandRunnerImpl$2.execute(CommandRunnerImpl.java:535)
	at com.sun.enterprise.v3.admin.CommandRunnerImpl$3.run(CommandRunnerImpl.java:566)
	at com.sun.enterprise.v3.admin.CommandRunnerImpl$3.run(CommandRunnerImpl.java:558)
	at java.security.AccessController.doPrivileged(Native Method)
	at javax.security.auth.Subject.doAs(Subject.java:360)
	at com.sun.enterprise.v3.admin.CommandRunnerImpl.doCommand(CommandRunnerImpl.java:557)
	at com.sun.enterprise.v3.admin.CommandRunnerImpl.doCommand(CommandRunnerImpl.java:1465)
	at com.sun.enterprise.v3.admin.CommandRunnerImpl.access$1300(CommandRunnerImpl.java:110)
	at com.sun.enterprise.v3.admin.CommandRunnerImpl$ExecutionContext.execute(CommandRunnerImpl.java:1847)
	at com.sun.enterprise.v3.admin.CommandRunnerImpl$ExecutionContext.execute(CommandRunnerImpl.java:1723)
	at com.sun.enterprise.v3.admin.AdminAdapter.doCommand(AdminAdapter.java:534)
	at com.sun.enterprise.v3.admin.AdminAdapter.onMissingResource(AdminAdapter.java:224)
	at org.glassfish.grizzly.http.server.StaticHttpHandlerBase.service(StaticHttpHandlerBase.java:190)
	at com.sun.enterprise.v3.services.impl.ContainerMapper$HttpHandlerCallable.call(ContainerMapper.java:463)
	at com.sun.enterprise.v3.services.impl.ContainerMapper.service(ContainerMapper.java:168)
	at org.glassfish.grizzly.http.server.HttpHandler.runService(HttpHandler.java:206)
	at org.glassfish.grizzly.http.server.HttpHandler.doHandle(HttpHandler.java:180)
	at org.glassfish.grizzly.http.server.HttpServerFilter.handleRead(HttpServerFilter.java:242)
	at org.glassfish.grizzly.filterchain.ExecutorResolver$9.execute(ExecutorResolver.java:119)
	at org.glassfish.grizzly.filterchain.DefaultFilterChain.executeFilter(DefaultFilterChain.java:284)
	at org.glassfish.grizzly.filterchain.DefaultFilterChain.executeChainPart(DefaultFilterChain.java:201)
	at org.glassfish.grizzly.filterchain.DefaultFilterChain.execute(DefaultFilterChain.java:133)
	at org.glassfish.grizzly.filterchain.DefaultFilterChain.process(DefaultFilterChain.java:112)
	at org.glassfish.grizzly.ProcessorExecutor.execute(ProcessorExecutor.java:77)
	at org.glassfish.grizzly.nio.transport.TCPNIOTransport.fireIOEvent(TCPNIOTransport.java:539)
	at org.glassfish.grizzly.strategies.AbstractIOStrategy.fireIOEvent(AbstractIOStrategy.java:112)
	at org.glassfish.grizzly.strategies.WorkerThreadIOStrategy.run0(WorkerThreadIOStrategy.java:117)
	at org.glassfish.grizzly.strategies.WorkerThreadIOStrategy.access$100(WorkerThreadIOStrategy.java:56)
	at org.glassfish.grizzly.strategies.WorkerThreadIOStrategy$WorkerThreadRunnable.run(WorkerThreadIOStrategy.java:137)
	at org.glassfish.grizzly.threadpool.AbstractThreadPool$Worker.doWork(AbstractThreadPool.java:593)
	at org.glassfish.grizzly.threadpool.AbstractThreadPool$Worker.run(AbstractThreadPool.java:573)
	at java.lang.Thread.run(Thread.java:748)
Caused by: java.lang.InterruptedException
	at java.util.concurrent.locks.AbstractQueuedSynchronizer.doAcquireSharedInterruptibly(AbstractQueuedSynchronizer.java:998)
	at java.util.concurrent.locks.AbstractQueuedSynchronizer.acquireSharedInterruptibly(AbstractQueuedSynchronizer.java:1304)
	at java.util.concurrent.CountDownLatch.await(CountDownLatch.java:231)
	at org.jvnet.hk2.config.Transactions$Job.waitForLatch(Transactions.java:344)
	at org.jvnet.hk2.config.Transactions.addTransaction(Transactions.java:533)
	... 41 more
]]

[2018-12-11T14:06:33.252-0200] [glassfish 5.0] [WARNING] [NCLS-CORE-00090] [javax.enterprise.system.core] [tid: _ThreadID=46 _ThreadName=admin-listener(5)] [timeMillis: 1544544393252] [levelValue: 900] [[
  Internal Server error: /__asadmin/set
java.lang.RuntimeException: java.io.IOException: Connection is closed
	at com.sun.enterprise.v3.admin.AdminAdapter.onMissingResource(AdminAdapter.java:266)
	at org.glassfish.grizzly.http.server.StaticHttpHandlerBase.service(StaticHttpHandlerBase.java:190)
	at com.sun.enterprise.v3.services.impl.ContainerMapper$HttpHandlerCallable.call(ContainerMapper.java:463)
	at com.sun.enterprise.v3.services.impl.ContainerMapper.service(ContainerMapper.java:168)
	at org.glassfish.grizzly.http.server.HttpHandler.runService(HttpHandler.java:206)
	at org.glassfish.grizzly.http.server.HttpHandler.doHandle(HttpHandler.java:180)
	at org.glassfish.grizzly.http.server.HttpServerFilter.handleRead(HttpServerFilter.java:242)
	at org.glassfish.grizzly.filterchain.ExecutorResolver$9.execute(ExecutorResolver.java:119)
	at org.glassfish.grizzly.filterchain.DefaultFilterChain.executeFilter(DefaultFilterChain.java:284)
	at org.glassfish.grizzly.filterchain.DefaultFilterChain.executeChainPart(DefaultFilterChain.java:201)
	at org.glassfish.grizzly.filterchain.DefaultFilterChain.execute(DefaultFilterChain.java:133)
	at org.glassfish.grizzly.filterchain.DefaultFilterChain.process(DefaultFilterChain.java:112)
	at org.glassfish.grizzly.ProcessorExecutor.execute(ProcessorExecutor.java:77)
	at org.glassfish.grizzly.nio.transport.TCPNIOTransport.fireIOEvent(TCPNIOTransport.java:539)
	at org.glassfish.grizzly.strategies.AbstractIOStrategy.fireIOEvent(AbstractIOStrategy.java:112)
	at org.glassfish.grizzly.strategies.WorkerThreadIOStrategy.run0(WorkerThreadIOStrategy.java:117)
	at org.glassfish.grizzly.strategies.WorkerThreadIOStrategy.access$100(WorkerThreadIOStrategy.java:56)
	at org.glassfish.grizzly.strategies.WorkerThreadIOStrategy$WorkerThreadRunnable.run(WorkerThreadIOStrategy.java:137)
	at org.glassfish.grizzly.threadpool.AbstractThreadPool$Worker.doWork(AbstractThreadPool.java:593)
	at org.glassfish.grizzly.threadpool.AbstractThreadPool$Worker.run(AbstractThreadPool.java:573)
	at java.lang.Thread.run(Thread.java:748)
Caused by: java.io.IOException: Connection is closed
	at org.glassfish.grizzly.nio.NIOConnection.assertOpen(NIOConnection.java:460)
	at org.glassfish.grizzly.http.io.OutputBuffer.write(OutputBuffer.java:687)
	at org.glassfish.grizzly.http.server.NIOOutputStreamImpl.write(NIOOutputStreamImpl.java:83)
	at org.glassfish.admin.payload.PayloadImpl$Part.copy(PayloadImpl.java:613)
	at org.glassfish.admin.payload.PayloadImpl$Outbound.writeTo(PayloadImpl.java:369)
	at com.sun.enterprise.v3.admin.AdminAdapter.onMissingResource(AdminAdapter.java:262)
	... 20 more
Caused by: java.io.IOException: Locally closed
]]

[2018-12-11T14:06:40.739-0200] [glassfish 5.0] [INFO] [NCLS-LOGGING-00009] [javax.enterprise.logging] [tid: _ThreadID=19 _ThreadName=RunLevelControllerThread-1544544400490] [timeMillis: 1544544400739] [levelValue: 800] [[
  Running GlassFish Version: GlassFish Server Open Source Edition  5.0  (build 25)]]

[2018-12-11T14:06:40.751-0200] [glassfish 5.0] [INFO] [NCLS-LOGGING-00010] [javax.enterprise.logging] [tid: _ThreadID=19 _ThreadName=RunLevelControllerThread-1544544400490] [timeMillis: 1544544400751] [levelValue: 800] [[
  Server log file is using Formatter class: com.sun.enterprise.server.logging.ODLLogFormatter]]

[2018-12-11T14:06:41.043-0200] [glassfish 5.0] [INFO] [NCLS-SECURITY-01115] [javax.enterprise.system.core.security] [tid: _ThreadID=18 _ThreadName=RunLevelControllerThread-1544544400488] [timeMillis: 1544544401043] [levelValue: 800] [[
  Realm [admin-realm] of classtype [com.sun.enterprise.security.auth.realm.file.FileRealm] successfully created.]]

[2018-12-11T14:06:41.046-0200] [glassfish 5.0] [INFO] [NCLS-SECURITY-01115] [javax.enterprise.system.core.security] [tid: _ThreadID=18 _ThreadName=RunLevelControllerThread-1544544400488] [timeMillis: 1544544401046] [levelValue: 800] [[
  Realm [file] of classtype [com.sun.enterprise.security.auth.realm.file.FileRealm] successfully created.]]

[2018-12-11T14:06:41.055-0200] [glassfish 5.0] [INFO] [NCLS-SECURITY-01115] [javax.enterprise.system.core.security] [tid: _ThreadID=18 _ThreadName=RunLevelControllerThread-1544544400488] [timeMillis: 1544544401055] [levelValue: 800] [[
  Realm [certificate] of classtype [com.sun.enterprise.security.auth.realm.certificate.CertificateRealm] successfully created.]]

[2018-12-11T14:06:41.811-0200] [glassfish 5.0] [INFO] [] [org.glassfish.ha.store.spi.BackingStoreFactoryRegistry] [tid: _ThreadID=21 _ThreadName=RunLevelControllerThread-1544544400507] [timeMillis: 1544544401811] [levelValue: 800] [[
  Registered org.glassfish.ha.store.adapter.cache.ShoalBackingStoreProxy for persistence-type = replicated in BackingStoreFactoryRegistry]]

[2018-12-11T14:06:41.811-0200] [glassfish 5.0] [INFO] [SEC-SVCS-00100] [javax.enterprise.security.services] [tid: _ThreadID=19 _ThreadName=RunLevelControllerThread-1544544400490] [timeMillis: 1544544401811] [levelValue: 800] [[
  Authorization Service has successfully initialized.]]

[2018-12-11T14:06:41.930-0200] [glassfish 5.0] [INFO] [NCLS-CORE-00087] [javax.enterprise.system.core] [tid: _ThreadID=18 _ThreadName=RunLevelControllerThread-1544544400488] [timeMillis: 1544544401930] [levelValue: 800] [[
  Grizzly Framework 2.4.1 started in: 47ms - bound to [/0.0.0.0:8080]]]

[2018-12-11T14:06:41.987-0200] [glassfish 5.0] [INFO] [NCLS-CORE-00087] [javax.enterprise.system.core] [tid: _ThreadID=18 _ThreadName=RunLevelControllerThread-1544544400488] [timeMillis: 1544544401987] [levelValue: 800] [[
  Grizzly Framework 2.4.1 started in: 9ms - bound to [/0.0.0.0:8181]]]

[2018-12-11T14:06:42.020-0200] [glassfish 5.0] [INFO] [NCLS-CORE-00087] [javax.enterprise.system.core] [tid: _ThreadID=18 _ThreadName=RunLevelControllerThread-1544544400488] [timeMillis: 1544544402020] [levelValue: 800] [[
  Grizzly Framework 2.4.1 started in: 20ms - bound to [/0.0.0.0:4848]]]

[2018-12-11T14:06:42.120-0200] [glassfish 5.0] [INFO] [NCLS-CORE-00087] [javax.enterprise.system.core] [tid: _ThreadID=21 _ThreadName=RunLevelControllerThread-1544544400507] [timeMillis: 1544544402120] [levelValue: 800] [[
  Grizzly Framework 2.4.1 started in: 7ms - bound to [/0.0.0.0:3700]]]

[2018-12-11T14:06:42.122-0200] [glassfish 5.0] [INFO] [NCLS-CORE-00017] [javax.enterprise.system.core] [tid: _ThreadID=1 _ThreadName=main] [timeMillis: 1544544402122] [levelValue: 800] [[
  GlassFish Server Open Source Edition  5.0  (25) startup time : Felix (3,742ms), startup services(1,655ms), total(5,397ms)]]

[2018-12-11T14:06:42.523-0200] [glassfish 5.0] [INFO] [jts.startup_msg] [javax.enterprise.system.core.transaction.com.sun.jts.CosTransactions] [tid: _ThreadID=20 _ThreadName=RunLevelControllerThread-1544544400506] [timeMillis: 1544544402523] [levelValue: 800] [[
  JTS5014: Recoverable JTS instance, serverId = [100]]]

[2018-12-11T14:06:42.806-0200] [glassfish 5.0] [INFO] [NCLS-JMX-00005] [javax.enterprise.system.jmx] [tid: _ThreadID=52 _ThreadName=Thread-12] [timeMillis: 1544544402806] [levelValue: 800] [[
  JMXStartupService has started JMXConnector on JMXService URL service:jmx:rmi://10.247.164.147:8686/jndi/rmi://10.247.164.147:8686/jmxrmi]]

[2018-12-11T14:06:42.822-0200] [glassfish 5.0] [INFO] [NCLS-CORE-00087] [javax.enterprise.system.core] [tid: _ThreadID=20 _ThreadName=RunLevelControllerThread-1544544400506] [timeMillis: 1544544402822] [levelValue: 800] [[
  Grizzly Framework 2.4.1 started in: 62ms - bound to [/0.0.0.0:7676]]]

[2018-12-11T14:06:42.841-0200] [glassfish 5.0] [INFO] [NCLS-BOOTSTRAP-00027] [javax.enterprise.bootstrap] [tid: _ThreadID=1 _ThreadName=main] [timeMillis: 1544544402841] [levelValue: 800] [[
  Registered com.sun.enterprise.glassfish.bootstrap.osgi.EmbeddedOSGiGlassFishImpl@6c6333cd as OSGi service registration: org.apache.felix.framework.ServiceRegistrationImpl@158f4cfe.]]

[2018-12-11T14:06:43.429-0200] [glassfish 5.0] [INFO] [] [org.hibernate.validator.internal.util.Version] [tid: _ThreadID=45 _ThreadName=admin-listener(3)] [timeMillis: 1544544403429] [levelValue: 800] [[
  HV000001: Hibernate Validator 6.0.2.Final]]

[2018-12-11T14:06:44.512-0200] [glassfish 5.0] [INFO] [NCLS-CORE-00087] [javax.enterprise.system.core] [tid: _ThreadID=86 _ThreadName=pool-15-thread-1] [timeMillis: 1544544404512] [levelValue: 800] [[
  Grizzly Framework 2.4.1 started in: 22ms - bound to [/0.0.0.0:8181]]]

[2018-12-11T14:06:44.652-0200] [glassfish 5.0] [INFO] [NCLS-CORE-00087] [javax.enterprise.system.core] [tid: _ThreadID=85 _ThreadName=pool-13-thread-1] [timeMillis: 1544544404652] [levelValue: 800] [[
  Grizzly Framework 2.4.1 started in: 0ms - bound to [/0.0.0.0:8080]]]

[2018-12-11T14:06:47.002-0200] [glassfish 5.0] [INFO] [] [javax.enterprise.system.tools.deployment.common] [tid: _ThreadID=44 _ThreadName=admin-listener(2)] [timeMillis: 1544544407002] [levelValue: 800] [[
  visiting unvisited references]]

[2018-12-11T14:06:48.582-0200] [glassfish 5.0] [SEVERE] [NCLS-SECURITY-05054] [javax.enterprise.system.security.ssl] [tid: _ThreadID=44 _ThreadName=admin-listener(2)] [timeMillis: 1544544408582] [levelValue: 1000] [[
  The SSL certificate has expired: [
[
  Version: V3
  Subject: OU=Equifax Secure Certificate Authority, O=Equifax, C=US
  Signature Algorithm: SHA1withRSA, OID = 1.2.840.113549.1.1.5

  Key:  Sun RSA public key, 1024 bits
  modulus: 135786214035069526348186531221551781468391756233528066061569654028671100866720352830303278016129003918213826297308054231261658522889438712013757624116391437358730449661353175673177742307421061340003741057138887918110217006515773038453829253517076741780039735595086881329494037450587568122088113584549069375417
  public exponent: 65537
  Validity: [From: Sat Aug 22 13:41:51 BRT 1998,
               To: Wed Aug 22 13:41:51 BRT 2018]
  Issuer: OU=Equifax Secure Certificate Authority, O=Equifax, C=US
  SerialNumber: [    35def4cf]

Certificate Extensions: 7
[1]: ObjectId: 1.2.840.113533.7.65.0 Criticality=false
Extension unknown: DER encoded OCTET string =
0000: 04 0D 30 0B 1B 05 56 33   2E 30 63 03 02 06 C0     ..0...V3.0c....


[2]: ObjectId: 2.5.29.35 Criticality=false
AuthorityKeyIdentifier [
KeyIdentifier [
0000: 48 E6 68 F9 2B D2 B2 95   D7 47 D8 23 20 10 4F 33  H.h.+....G.# .O3
0010: 98 90 9F D4                                        ....
]
]

[3]: ObjectId: 2.5.29.19 Criticality=false
BasicConstraints:[
  CA:true
  PathLen:2147483647
]

[4]: ObjectId: 2.5.29.31 Criticality=false
CRLDistributionPoints [
  [DistributionPoint:
     [CN=CRL1, OU=Equifax Secure Certificate Authority, O=Equifax, C=US]
]]

[5]: ObjectId: 2.5.29.15 Criticality=false
KeyUsage [
  Key_CertSign
  Crl_Sign
]

[6]: ObjectId: 2.5.29.16 Criticality=false
PrivateKeyUsage: [
To: Wed Aug 22 13:41:51 BRT 2018]

[7]: ObjectId: 2.5.29.14 Criticality=false
SubjectKeyIdentifier [
KeyIdentifier [
0000: 48 E6 68 F9 2B D2 B2 95   D7 47 D8 23 20 10 4F 33  H.h.+....G.# .O3
0010: 98 90 9F D4                                        ....
]
]

]
  Algorithm: [SHA1withRSA]
  Signature:
0000: 58 CE 29 EA FC F7 DE B5   CE 02 B9 17 B5 85 D1 B9  X.).............
0010: E3 E0 95 CC 25 31 0D 00   A6 92 6E 7F B6 92 63 9E  ....%1....n...c.
0020: 50 95 D1 9A 6F E4 11 DE   63 85 6E 98 EE A8 FF 5A  P...o...c.n....Z
0030: C8 D3 55 B2 66 71 57 DE   C0 21 EB 3D 2A A7 23 49  ..U.fqW..!.=*.#I
0040: 01 04 86 42 7B FC EE 7F   A2 16 52 B5 67 67 D3 40  ...B......R.gg.@
0050: DB 3B 26 58 B2 28 77 3D   AE 14 77 61 D6 FA 2A 66  .;&X.(w=..wa..*f
0060: 27 A0 0D FA A7 73 5C EA   70 F1 94 21 65 44 5F FA  '....s\.p..!eD_.
0070: FC EF 29 68 A9 A2 87 79   EF 79 EF 4F AC 07 77 38  ..)h...y.y.O..w8

]]]

[2018-12-11T14:06:48.588-0200] [glassfish 5.0] [SEVERE] [NCLS-SECURITY-05054] [javax.enterprise.system.security.ssl] [tid: _ThreadID=44 _ThreadName=admin-listener(2)] [timeMillis: 1544544408588] [levelValue: 1000] [[
  The SSL certificate has expired: [
[
  Version: V1
  Subject: CN=GTE CyberTrust Global Root, OU="GTE CyberTrust Solutions, Inc.", O=GTE Corporation, C=US
  Signature Algorithm: MD5withRSA, OID = 1.2.840.113549.1.1.4

  Key:  Sun RSA public key, 1024 bits
  modulus: 104674226241368487598835828377585222181792546532354327780214427055917513664449991602803276678454577364904540367827644455215731003386468752240014232146814457308076052176227490263634768927290191763858631579785604655038492469791381988347440106477066514204303723029602991655085187937840556671697442212352844587673
  public exponent: 65537
  Validity: [From: Wed Aug 12 21:29:00 BRT 1998,
               To: Mon Aug 13 20:59:00 BRT 2018]
  Issuer: CN=GTE CyberTrust Global Root, OU="GTE CyberTrust Solutions, Inc.", O=GTE Corporation, C=US
  SerialNumber: [    01a5]

]
  Algorithm: [MD5withRSA]
  Signature:
0000: 6D EB 1B 09 E9 5E D9 51   DB 67 22 61 A4 2A 3C 48  m....^.Q.g"a.*<H
0010: 77 E3 A0 7C A6 DE 73 A2   14 03 85 3D FB AB 0E 30  w.....s....=...0
0020: C5 83 16 33 81 13 08 9E   7B 34 4E DF 40 C8 74 D7  ...3.....4N.@.t.
0030: B9 7D DC F4 76 55 7D 9B   63 54 18 E9 F0 EA F3 5C  ....vU..cT.....\
0040: B1 D9 8B 42 1E B9 C0 95   4E BA FA D5 E2 7C F5 68  ...B....N......h
0050: 61 BF 8E EC 05 97 5F 5B   B0 D7 A3 85 34 C4 24 A7  a....._[....4.$.
0060: 0D 0F 95 93 EF CB 94 D8   9E 1F 9D 5C 85 6D C7 AA  ...........\.m..
0070: AE 4F 1F 22 B5 CD 95 AD   BA A7 CC F9 AB 0B 7A 7F  .O."..........z.

]]]

[2018-12-11T14:06:48.622-0200] [glassfish 5.0] [INFO] [NCLS-SECURITY-01002] [javax.enterprise.system.core.security] [tid: _ThreadID=44 _ThreadName=admin-listener(2)] [timeMillis: 1544544408622] [levelValue: 800] [[
  Java security manager is disabled.]]

[2018-12-11T14:06:48.623-0200] [glassfish 5.0] [INFO] [NCLS-SECURITY-01010] [javax.enterprise.system.core.security] [tid: _ThreadID=44 _ThreadName=admin-listener(2)] [timeMillis: 1544544408623] [levelValue: 800] [[
  Entering Security Startup Service.]]

[2018-12-11T14:06:48.628-0200] [glassfish 5.0] [INFO] [NCLS-SECURITY-01143] [javax.enterprise.system.core.security] [tid: _ThreadID=44 _ThreadName=admin-listener(2)] [timeMillis: 1544544408628] [levelValue: 800] [[
  Loading policy provider com.sun.enterprise.security.provider.PolicyWrapper.]]

[2018-12-11T14:06:48.731-0200] [glassfish 5.0] [INFO] [NCLS-SECURITY-01011] [javax.enterprise.system.core.security] [tid: _ThreadID=44 _ThreadName=admin-listener(2)] [timeMillis: 1544544408731] [levelValue: 800] [[
  Security Service(s) started successfully.]]

[2018-12-11T14:06:49.251-0200] [glassfish 5.0] [INFO] [AS-WEB-GLUE-00198] [javax.enterprise.web] [tid: _ThreadID=44 _ThreadName=admin-listener(2)] [timeMillis: 1544544409251] [levelValue: 800] [[
  Created HTTP listener http-listener-1 on host/port 0.0.0.0:8080]]

[2018-12-11T14:06:49.262-0200] [glassfish 5.0] [INFO] [AS-WEB-GLUE-00198] [javax.enterprise.web] [tid: _ThreadID=44 _ThreadName=admin-listener(2)] [timeMillis: 1544544409262] [levelValue: 800] [[
  Created HTTP listener http-listener-2 on host/port 0.0.0.0:8181]]

[2018-12-11T14:06:49.267-0200] [glassfish 5.0] [INFO] [AS-WEB-GLUE-00198] [javax.enterprise.web] [tid: _ThreadID=44 _ThreadName=admin-listener(2)] [timeMillis: 1544544409267] [levelValue: 800] [[
  Created HTTP listener admin-listener on host/port 0.0.0.0:4848]]

[2018-12-11T14:06:49.311-0200] [glassfish 5.0] [INFO] [AS-WEB-GLUE-00200] [javax.enterprise.web] [tid: _ThreadID=44 _ThreadName=admin-listener(2)] [timeMillis: 1544544409311] [levelValue: 800] [[
  Created virtual server server]]

[2018-12-11T14:06:49.315-0200] [glassfish 5.0] [INFO] [AS-WEB-GLUE-00200] [javax.enterprise.web] [tid: _ThreadID=44 _ThreadName=admin-listener(2)] [timeMillis: 1544544409315] [levelValue: 800] [[
  Created virtual server __asadmin]]

[2018-12-11T14:06:49.606-0200] [glassfish 5.0] [INFO] [AS-WEB-CORE-00306] [javax.enterprise.web.core] [tid: _ThreadID=44 _ThreadName=admin-listener(2)] [timeMillis: 1544544409606] [levelValue: 800] [[
  Setting JAAS app name glassfish-web]]

[2018-12-11T14:06:49.606-0200] [glassfish 5.0] [INFO] [AS-WEB-GLUE-00201] [javax.enterprise.web] [tid: _ThreadID=44 _ThreadName=admin-listener(2)] [timeMillis: 1544544409606] [levelValue: 800] [[
  Virtual server server loaded default web module ]]

[2018-12-11T14:06:50.593-0200] [glassfish 5.0] [INFO] [] [javax.enterprise.system.tools.deployment.common] [tid: _ThreadID=44 _ThreadName=admin-listener(2)] [timeMillis: 1544544410593] [levelValue: 800] [[
  visiting unvisited references]]

[2018-12-11T14:06:51.090-0200] [glassfish 5.0] [INFO] [] [javax.enterprise.system.tools.deployment.common] [tid: _ThreadID=44 _ThreadName=admin-listener(2)] [timeMillis: 1544544411090] [levelValue: 800] [[
  visiting unvisited references]]

[2018-12-11T14:06:51.346-0200] [glassfish 5.0] [INFO] [] [javax.enterprise.system.tools.deployment.common] [tid: _ThreadID=44 _ThreadName=admin-listener(2)] [timeMillis: 1544544411346] [levelValue: 800] [[
  visiting unvisited references]]

[2018-12-11T14:06:51.348-0200] [glassfish 5.0] [INFO] [] [javax.enterprise.system.tools.deployment.common] [tid: _ThreadID=44 _ThreadName=admin-listener(2)] [timeMillis: 1544544411348] [levelValue: 800] [[
  visiting unvisited references]]

[2018-12-11T14:06:51.349-0200] [glassfish 5.0] [INFO] [] [javax.enterprise.system.tools.deployment.common] [tid: _ThreadID=44 _ThreadName=admin-listener(2)] [timeMillis: 1544544411349] [levelValue: 800] [[
  visiting unvisited references]]

[2018-12-11T14:06:51.352-0200] [glassfish 5.0] [INFO] [] [javax.enterprise.system.tools.deployment.common] [tid: _ThreadID=44 _ThreadName=admin-listener(2)] [timeMillis: 1544544411352] [levelValue: 800] [[
  visiting unvisited references]]

[2018-12-11T14:06:51.354-0200] [glassfish 5.0] [INFO] [] [javax.enterprise.system.tools.deployment.common] [tid: _ThreadID=44 _ThreadName=admin-listener(2)] [timeMillis: 1544544411354] [levelValue: 800] [[
  visiting unvisited references]]

[2018-12-11T14:06:51.356-0200] [glassfish 5.0] [INFO] [] [javax.enterprise.system.tools.deployment.common] [tid: _ThreadID=44 _ThreadName=admin-listener(2)] [timeMillis: 1544544411356] [levelValue: 800] [[
  visiting unvisited references]]

[2018-12-11T14:06:51.361-0200] [glassfish 5.0] [INFO] [] [javax.enterprise.system.tools.deployment.common] [tid: _ThreadID=44 _ThreadName=admin-listener(2)] [timeMillis: 1544544411361] [levelValue: 800] [[
  visiting unvisited references]]

[2018-12-11T14:06:51.363-0200] [glassfish 5.0] [INFO] [] [javax.enterprise.system.tools.deployment.common] [tid: _ThreadID=44 _ThreadName=admin-listener(2)] [timeMillis: 1544544411363] [levelValue: 800] [[
  visiting unvisited references]]

[2018-12-11T14:06:51.366-0200] [glassfish 5.0] [INFO] [] [javax.enterprise.system.tools.deployment.common] [tid: _ThreadID=44 _ThreadName=admin-listener(2)] [timeMillis: 1544544411366] [levelValue: 800] [[
  visiting unvisited references]]

[2018-12-11T14:06:51.368-0200] [glassfish 5.0] [INFO] [] [javax.enterprise.system.tools.deployment.common] [tid: _ThreadID=44 _ThreadName=admin-listener(2)] [timeMillis: 1544544411368] [levelValue: 800] [[
  visiting unvisited references]]

[2018-12-11T14:06:51.371-0200] [glassfish 5.0] [INFO] [] [javax.enterprise.system.tools.deployment.common] [tid: _ThreadID=44 _ThreadName=admin-listener(2)] [timeMillis: 1544544411371] [levelValue: 800] [[
  visiting unvisited references]]

[2018-12-11T14:06:51.372-0200] [glassfish 5.0] [INFO] [] [javax.enterprise.system.tools.deployment.common] [tid: _ThreadID=44 _ThreadName=admin-listener(2)] [timeMillis: 1544544411372] [levelValue: 800] [[
  visiting unvisited references]]

[2018-12-11T14:06:51.380-0200] [glassfish 5.0] [INFO] [] [javax.enterprise.system.tools.deployment.common] [tid: _ThreadID=44 _ThreadName=admin-listener(2)] [timeMillis: 1544544411380] [levelValue: 800] [[
  visiting unvisited references]]

[2018-12-11T14:06:51.382-0200] [glassfish 5.0] [INFO] [] [javax.enterprise.system.tools.deployment.common] [tid: _ThreadID=44 _ThreadName=admin-listener(2)] [timeMillis: 1544544411382] [levelValue: 800] [[
  visiting unvisited references]]

[2018-12-11T14:06:51.387-0200] [glassfish 5.0] [INFO] [] [javax.enterprise.system.tools.deployment.common] [tid: _ThreadID=44 _ThreadName=admin-listener(2)] [timeMillis: 1544544411387] [levelValue: 800] [[
  visiting unvisited references]]

[2018-12-11T14:06:51.792-0200] [glassfish 5.0] [WARNING] [] [javax.enterprise.resource.resourceadapter.org.glassfish.jdbcruntime] [tid: _ThreadID=44 _ThreadName=admin-listener(2)] [timeMillis: 1544544411792] [levelValue: 900] [[
  using.default.ds]]

[2018-12-11T14:06:52.080-0200] [glassfish 5.0] [INFO] [] [javax.enterprise.system.tools.deployment.dol] [tid: _ThreadID=44 _ThreadName=admin-listener(2)] [timeMillis: 1544544412080] [levelValue: 800] [[
  visiting unvisited references]]

[2018-12-11T14:06:52.622-0200] [glassfish 5.0] [WARNING] [] [javax.enterprise.resource.resourceadapter.org.glassfish.jdbc.util] [tid: _ThreadID=44 _ThreadName=admin-listener(2)] [timeMillis: 1544544412622] [levelValue: 900] [[
  using.default.ds]]

[2018-12-11T14:06:54.477-0200] [glassfish 5.0] [INFO] [] [org.eclipse.persistence.session./file:/C:/Users/Automacao/Desktop/Files/esun/esun/esun-server/target/esun-server-1.0-SNAPSHOT/WEB-INF/classes/_esunPU] [tid: _ThreadID=44 _ThreadName=admin-listener(2)] [timeMillis: 1544544414477] [levelValue: 800] [[
  EclipseLink, version: Eclipse Persistence Services - 2.7.0.v20170811-d680af5]]

[2018-12-11T14:06:55.990-0200] [glassfish 5.0] [INFO] [] [org.eclipse.persistence.session./file:/C:/Users/Automacao/Desktop/Files/esun/esun/esun-server/target/esun-server-1.0-SNAPSHOT/WEB-INF/classes/_esunPU.connection] [tid: _ThreadID=44 _ThreadName=admin-listener(2)] [timeMillis: 1544544415990] [levelValue: 800] [[
  /file:/C:/Users/Automacao/Desktop/Files/esun/esun/esun-server/target/esun-server-1.0-SNAPSHOT/WEB-INF/classes/_esunPU login successful]]

[2018-12-11T14:06:56.738-0200] [glassfish 5.0] [INFO] [AS-EJB-00054] [javax.enterprise.ejb.container] [tid: _ThreadID=44 _ThreadName=admin-listener(2)] [timeMillis: 1544544416738] [levelValue: 800] [[
  Portable JNDI names for EJB CalculoDAO: [java:global/esun-server/CalculoDAO, java:global/esun-server/CalculoDAO!com.esun.services.dao.CalculoDAO]]]

[2018-12-11T14:06:56.802-0200] [glassfish 5.0] [INFO] [AS-EJB-00054] [javax.enterprise.ejb.container] [tid: _ThreadID=44 _ThreadName=admin-listener(2)] [timeMillis: 1544544416802] [levelValue: 800] [[
  Portable JNDI names for EJB ClienteDAO: [java:global/esun-server/ClienteDAO, java:global/esun-server/ClienteDAO!com.esun.services.dao.ClienteDAO]]]

[2018-12-11T14:06:56.833-0200] [glassfish 5.0] [INFO] [AS-EJB-00054] [javax.enterprise.ejb.container] [tid: _ThreadID=44 _ThreadName=admin-listener(2)] [timeMillis: 1544544416833] [levelValue: 800] [[
  Portable JNDI names for EJB CidadeServices: [java:global/esun-server/CidadeServices, java:global/esun-server/CidadeServices!com.esun.services.CidadeServices]]]

[2018-12-11T14:06:56.872-0200] [glassfish 5.0] [INFO] [AS-EJB-00054] [javax.enterprise.ejb.container] [tid: _ThreadID=44 _ThreadName=admin-listener(2)] [timeMillis: 1544544416872] [levelValue: 800] [[
  Portable JNDI names for EJB ConfiguracoesDAO: [java:global/esun-server/ConfiguracoesDAO!com.esun.services.dao.ConfiguracoesDAO, java:global/esun-server/ConfiguracoesDAO]]]

[2018-12-11T14:06:56.892-0200] [glassfish 5.0] [INFO] [AS-EJB-00054] [javax.enterprise.ejb.container] [tid: _ThreadID=44 _ThreadName=admin-listener(2)] [timeMillis: 1544544416892] [levelValue: 800] [[
  Portable JNDI names for EJB MaterialServices: [java:global/esun-server/MaterialServices, java:global/esun-server/MaterialServices!com.esun.services.MaterialServices]]]

[2018-12-11T14:06:56.930-0200] [glassfish 5.0] [INFO] [AS-EJB-00054] [javax.enterprise.ejb.container] [tid: _ThreadID=44 _ThreadName=admin-listener(2)] [timeMillis: 1544544416930] [levelValue: 800] [[
  Portable JNDI names for EJB EstadoServices: [java:global/esun-server/EstadoServices, java:global/esun-server/EstadoServices!com.esun.services.EstadoServices]]]

[2018-12-11T14:06:56.957-0200] [glassfish 5.0] [INFO] [AS-EJB-00054] [javax.enterprise.ejb.container] [tid: _ThreadID=44 _ThreadName=admin-listener(2)] [timeMillis: 1544544416957] [levelValue: 800] [[
  Portable JNDI names for EJB MateriaisCalculoDAO: [java:global/esun-server/MateriaisCalculoDAO, java:global/esun-server/MateriaisCalculoDAO!com.esun.services.dao.MateriaisCalculoDAO]]]

[2018-12-11T14:06:56.990-0200] [glassfish 5.0] [INFO] [AS-EJB-00054] [javax.enterprise.ejb.container] [tid: _ThreadID=44 _ThreadName=admin-listener(2)] [timeMillis: 1544544416990] [levelValue: 800] [[
  Portable JNDI names for EJB SystemConfiguration: [java:global/esun-server/SystemConfiguration, java:global/esun-server/SystemConfiguration!com.esun.server.beans.SystemConfiguration]]]

[2018-12-11T14:06:57.023-0200] [glassfish 5.0] [INFO] [AS-EJB-00054] [javax.enterprise.ejb.container] [tid: _ThreadID=44 _ThreadName=admin-listener(2)] [timeMillis: 1544544417023] [levelValue: 800] [[
  Portable JNDI names for EJB EnderecoDAO: [java:global/esun-server/EnderecoDAO, java:global/esun-server/EnderecoDAO!com.esun.services.dao.EnderecoDAO]]]

[2018-12-11T14:06:57.055-0200] [glassfish 5.0] [INFO] [AS-EJB-00054] [javax.enterprise.ejb.container] [tid: _ThreadID=44 _ThreadName=admin-listener(2)] [timeMillis: 1544544417055] [levelValue: 800] [[
  Portable JNDI names for EJB ConfiguracoesServices: [java:global/esun-server/ConfiguracoesServices, java:global/esun-server/ConfiguracoesServices!com.esun.services.ConfiguracoesServices]]]

[2018-12-11T14:06:57.070-0200] [glassfish 5.0] [INFO] [AS-EJB-00054] [javax.enterprise.ejb.container] [tid: _ThreadID=44 _ThreadName=admin-listener(2)] [timeMillis: 1544544417070] [levelValue: 800] [[
  Portable JNDI names for EJB ClienteServices: [java:global/esun-server/ClienteServices!com.esun.services.ClienteServices, java:global/esun-server/ClienteServices]]]

[2018-12-11T14:06:57.103-0200] [glassfish 5.0] [INFO] [AS-EJB-00054] [javax.enterprise.ejb.container] [tid: _ThreadID=44 _ThreadName=admin-listener(2)] [timeMillis: 1544544417103] [levelValue: 800] [[
  Portable JNDI names for EJB EstadoDAO: [java:global/esun-server/EstadoDAO!com.esun.services.dao.EstadoDAO, java:global/esun-server/EstadoDAO]]]

[2018-12-11T14:06:57.121-0200] [glassfish 5.0] [INFO] [AS-EJB-00054] [javax.enterprise.ejb.container] [tid: _ThreadID=44 _ThreadName=admin-listener(2)] [timeMillis: 1544544417121] [levelValue: 800] [[
  Portable JNDI names for EJB Messages: [java:global/esun-server/Messages, java:global/esun-server/Messages!com.esun.server.messages.Messages]]]

[2018-12-11T14:06:57.152-0200] [glassfish 5.0] [INFO] [AS-EJB-00054] [javax.enterprise.ejb.container] [tid: _ThreadID=44 _ThreadName=admin-listener(2)] [timeMillis: 1544544417152] [levelValue: 800] [[
  Portable JNDI names for EJB MaterialDAO: [java:global/esun-server/MaterialDAO, java:global/esun-server/MaterialDAO!com.esun.services.dao.MaterialDAO]]]

[2018-12-11T14:06:57.185-0200] [glassfish 5.0] [INFO] [AS-EJB-00054] [javax.enterprise.ejb.container] [tid: _ThreadID=44 _ThreadName=admin-listener(2)] [timeMillis: 1544544417185] [levelValue: 800] [[
  Portable JNDI names for EJB CidadeDAO: [java:global/esun-server/CidadeDAO!com.esun.services.dao.CidadeDAO, java:global/esun-server/CidadeDAO]]]

[2018-12-11T14:06:57.231-0200] [glassfish 5.0] [INFO] [AS-EJB-00054] [javax.enterprise.ejb.container] [tid: _ThreadID=44 _ThreadName=admin-listener(2)] [timeMillis: 1544544417231] [levelValue: 800] [[
  Portable JNDI names for EJB CalculoServices: [java:global/esun-server/CalculoServices, java:global/esun-server/CalculoServices!com.esun.services.CalculoServices]]]

[2018-12-11T14:06:57.278-0200] [glassfish 5.0] [INFO] [] [org.jboss.weld.Version] [tid: _ThreadID=44 _ThreadName=admin-listener(2)] [timeMillis: 1544544417278] [levelValue: 800] [[
  WELD-000900: 3.0.0 (Final)]]

[2018-12-11T14:06:58.412-0200] [glassfish 5.0] [INFO] [] [org.jboss.weld.Event] [tid: _ThreadID=44 _ThreadName=admin-listener(2)] [timeMillis: 1544544418412] [levelValue: 800] [[
  WELD-000411: Observer method [BackedAnnotatedMethod] org.glassfish.sse.impl.ServerSentEventCdiExtension.processAnnotatedType(@Observes ProcessAnnotatedType<T>, BeanManager) receives events for all annotated types. Consider restricting events using @WithAnnotations or a generic type with bounds.]]

[2018-12-11T14:06:58.434-0200] [glassfish 5.0] [INFO] [] [org.jboss.weld.Event] [tid: _ThreadID=44 _ThreadName=admin-listener(2)] [timeMillis: 1544544418434] [levelValue: 800] [[
  WELD-000411: Observer method [BackedAnnotatedMethod] public org.glassfish.jms.injection.JMSCDIExtension.processAnnotatedType(@Observes ProcessAnnotatedType<T>) receives events for all annotated types. Consider restricting events using @WithAnnotations or a generic type with bounds.]]

[2018-12-11T14:06:58.435-0200] [glassfish 5.0] [INFO] [] [org.jboss.weld.Event] [tid: _ThreadID=44 _ThreadName=admin-listener(2)] [timeMillis: 1544544418435] [levelValue: 800] [[
  WELD-000411: Observer method [BackedAnnotatedMethod] org.glassfish.sse.impl.ServerSentEventCdiExtension.processAnnotatedType(@Observes ProcessAnnotatedType<T>, BeanManager) receives events for all annotated types. Consider restricting events using @WithAnnotations or a generic type with bounds.]]

[2018-12-11T14:06:58.463-0200] [glassfish 5.0] [INFO] [] [org.jboss.weld.Event] [tid: _ThreadID=44 _ThreadName=admin-listener(2)] [timeMillis: 1544544418463] [levelValue: 800] [[
  WELD-000411: Observer method [BackedAnnotatedMethod] public org.glassfish.jms.injection.JMSCDIExtension.processAnnotatedType(@Observes ProcessAnnotatedType<T>) receives events for all annotated types. Consider restricting events using @WithAnnotations or a generic type with bounds.]]

[2018-12-11T14:06:58.490-0200] [glassfish 5.0] [INFO] [] [org.jboss.weld.Event] [tid: _ThreadID=44 _ThreadName=admin-listener(2)] [timeMillis: 1544544418490] [levelValue: 800] [[
  WELD-000411: Observer method [BackedAnnotatedMethod] private org.glassfish.jersey.ext.cdi1x.internal.CdiComponentProvider.processAnnotatedType(@Observes ProcessAnnotatedType) receives events for all annotated types. Consider restricting events using @WithAnnotations or a generic type with bounds.]]

[2018-12-11T14:06:58.492-0200] [glassfish 5.0] [INFO] [] [org.jboss.weld.Event] [tid: _ThreadID=44 _ThreadName=admin-listener(2)] [timeMillis: 1544544418492] [levelValue: 800] [[
  WELD-000411: Observer method [BackedAnnotatedMethod] private org.glassfish.jersey.ext.cdi1x.internal.CdiComponentProvider.processAnnotatedType(@Observes ProcessAnnotatedType) receives events for all annotated types. Consider restricting events using @WithAnnotations or a generic type with bounds.]]

[2018-12-11T14:06:58.562-0200] [glassfish 5.0] [WARN] [] [org.jboss.weld.Bootstrap] [tid: _ThreadID=44 _ThreadName=admin-listener(2)] [timeMillis: 1544544418562] [levelValue: 900] [[
  WELD-000146: BeforeBeanDiscovery.addAnnotatedType(AnnotatedType<?>) used for class org.glassfish.jersey.ext.cdi1x.transaction.internal.WebAppExceptionHolder is deprecated from CDI 1.1!]]

[2018-12-11T14:06:58.573-0200] [glassfish 5.0] [WARN] [] [org.jboss.weld.Bootstrap] [tid: _ThreadID=44 _ThreadName=admin-listener(2)] [timeMillis: 1544544418573] [levelValue: 900] [[
  WELD-000146: BeforeBeanDiscovery.addAnnotatedType(AnnotatedType<?>) used for class org.glassfish.jersey.ext.cdi1x.transaction.internal.WebAppExceptionInterceptor is deprecated from CDI 1.1!]]

[2018-12-11T14:06:58.585-0200] [glassfish 5.0] [WARN] [] [org.jboss.weld.Bootstrap] [tid: _ThreadID=44 _ThreadName=admin-listener(2)] [timeMillis: 1544544418585] [levelValue: 900] [[
  WELD-000146: BeforeBeanDiscovery.addAnnotatedType(AnnotatedType<?>) used for class org.glassfish.jersey.ext.cdi1x.transaction.internal.TransactionalExceptionMapper is deprecated from CDI 1.1!]]

[2018-12-11T14:06:58.610-0200] [glassfish 5.0] [WARN] [] [org.jboss.weld.Bootstrap] [tid: _ThreadID=44 _ThreadName=admin-listener(2)] [timeMillis: 1544544418610] [levelValue: 900] [[
  WELD-000146: BeforeBeanDiscovery.addAnnotatedType(AnnotatedType<?>) used for class com.sun.faces.flow.FlowDiscoveryCDIHelper is deprecated from CDI 1.1!]]

[2018-12-11T14:06:58.629-0200] [glassfish 5.0] [WARN] [] [org.jboss.weld.Bootstrap] [tid: _ThreadID=44 _ThreadName=admin-listener(2)] [timeMillis: 1544544418629] [levelValue: 900] [[
  WELD-000146: BeforeBeanDiscovery.addAnnotatedType(AnnotatedType<?>) used for class org.glassfish.jersey.ext.cdi1x.servlet.internal.CdiExternalRequestScope is deprecated from CDI 1.1!]]

[2018-12-11T14:06:58.634-0200] [glassfish 5.0] [WARN] [] [org.jboss.weld.Bootstrap] [tid: _ThreadID=44 _ThreadName=admin-listener(2)] [timeMillis: 1544544418634] [levelValue: 900] [[
  WELD-000146: BeforeBeanDiscovery.addAnnotatedType(AnnotatedType<?>) used for class com.ibm.jbatch.container.cdi.BatchProducerBean is deprecated from CDI 1.1!]]

[2018-12-11T14:06:58.642-0200] [glassfish 5.0] [WARN] [] [org.jboss.weld.Bootstrap] [tid: _ThreadID=44 _ThreadName=admin-listener(2)] [timeMillis: 1544544418642] [levelValue: 900] [[
  WELD-000146: BeforeBeanDiscovery.addAnnotatedType(AnnotatedType<?>) used for class org.glassfish.jersey.ext.cdi1x.internal.CdiComponentProvider$JaxRsParamProducer is deprecated from CDI 1.1!]]

[2018-12-11T14:06:58.670-0200] [glassfish 5.0] [WARN] [] [org.jboss.weld.Bootstrap] [tid: _ThreadID=44 _ThreadName=admin-listener(2)] [timeMillis: 1544544418670] [levelValue: 900] [[
  WELD-000146: BeforeBeanDiscovery.addAnnotatedType(AnnotatedType<?>) used for class org.glassfish.cdi.transaction.TransactionalInterceptorMandatory is deprecated from CDI 1.1!]]

[2018-12-11T14:06:58.675-0200] [glassfish 5.0] [WARN] [] [org.jboss.weld.Bootstrap] [tid: _ThreadID=44 _ThreadName=admin-listener(2)] [timeMillis: 1544544418675] [levelValue: 900] [[
  WELD-000146: BeforeBeanDiscovery.addAnnotatedType(AnnotatedType<?>) used for class org.glassfish.cdi.transaction.TransactionalInterceptorNever is deprecated from CDI 1.1!]]

[2018-12-11T14:06:58.682-0200] [glassfish 5.0] [WARN] [] [org.jboss.weld.Bootstrap] [tid: _ThreadID=44 _ThreadName=admin-listener(2)] [timeMillis: 1544544418682] [levelValue: 900] [[
  WELD-000146: BeforeBeanDiscovery.addAnnotatedType(AnnotatedType<?>) used for class org.glassfish.cdi.transaction.TransactionalInterceptorNotSupported is deprecated from CDI 1.1!]]

[2018-12-11T14:06:58.685-0200] [glassfish 5.0] [WARN] [] [org.jboss.weld.Bootstrap] [tid: _ThreadID=44 _ThreadName=admin-listener(2)] [timeMillis: 1544544418685] [levelValue: 900] [[
  WELD-000146: BeforeBeanDiscovery.addAnnotatedType(AnnotatedType<?>) used for class org.glassfish.cdi.transaction.TransactionalInterceptorRequired is deprecated from CDI 1.1!]]

[2018-12-11T14:06:58.692-0200] [glassfish 5.0] [WARN] [] [org.jboss.weld.Bootstrap] [tid: _ThreadID=44 _ThreadName=admin-listener(2)] [timeMillis: 1544544418692] [levelValue: 900] [[
  WELD-000146: BeforeBeanDiscovery.addAnnotatedType(AnnotatedType<?>) used for class org.glassfish.cdi.transaction.TransactionalInterceptorRequiresNew is deprecated from CDI 1.1!]]

[2018-12-11T14:06:58.696-0200] [glassfish 5.0] [WARN] [] [org.jboss.weld.Bootstrap] [tid: _ThreadID=44 _ThreadName=admin-listener(2)] [timeMillis: 1544544418696] [levelValue: 900] [[
  WELD-000146: BeforeBeanDiscovery.addAnnotatedType(AnnotatedType<?>) used for class org.glassfish.cdi.transaction.TransactionalInterceptorSupports is deprecated from CDI 1.1!]]

[2018-12-11T14:07:02.828-0200] [glassfish 5.0] [INFO] [] [org.glassfish.soteria.servlet.SamRegistrationInstaller] [tid: _ThreadID=44 _ThreadName=admin-listener(2)] [timeMillis: 1544544422828] [levelValue: 800] [[
  Initializing Soteria 1.0 for context '/esun']]

[2018-12-11T14:07:02.924-0200] [glassfish 5.0] [INFO] [jsf.config.listener.version] [javax.enterprise.resource.webcontainer.jsf.config] [tid: _ThreadID=44 _ThreadName=admin-listener(2)] [timeMillis: 1544544422924] [levelValue: 800] [[
  Initializing Mojarra 2.3.2 ( 20170627-2139 e63598abf2ed2bb1a24674f308a734e0dce18a72) for context '/esun']]

[2018-12-11T14:07:05.626-0200] [glassfish 5.0] [INFO] [] [org.primefaces.webapp.PostConstructApplicationEventListener] [tid: _ThreadID=44 _ThreadName=admin-listener(2)] [timeMillis: 1544544425626] [levelValue: 800] [[
  Running on PrimeFaces 6.2]]

[2018-12-11T14:07:05.676-0200] [glassfish 5.0] [INFO] [AS-WEB-GLUE-00172] [javax.enterprise.web] [tid: _ThreadID=44 _ThreadName=admin-listener(2)] [timeMillis: 1544544425676] [levelValue: 800] [[
  Loading application [esun-server] at [/esun]]]

[2018-12-11T14:07:05.789-0200] [glassfish 5.0] [INFO] [] [javax.enterprise.system.core] [tid: _ThreadID=44 _ThreadName=admin-listener(2)] [timeMillis: 1544544425789] [levelValue: 800] [[
  esun-server was successfully deployed in 20,040 milliseconds.]]

[2018-12-11T14:07:20.191-0200] [glassfish 5.0] [INFO] [NCLS-REST-00001] [javax.enterprise.admin.rest] [tid: _ThreadID=44 _ThreadName=admin-listener(2)] [timeMillis: 1544544440191] [levelValue: 800] [[
  Listening to REST requests at context: /management/domain.]]

[2018-12-11T14:07:20.334-0200] [glassfish 5.0] [INFO] [] [javax.enterprise.system.tools.deployment.common] [tid: _ThreadID=133 _ThreadName=Thread-34] [timeMillis: 1544544440334] [levelValue: 800] [[
  visiting unvisited references]]

[2018-12-11T14:07:20.704-0200] [glassfish 5.0] [INFO] [] [javax.enterprise.system.tools.deployment.common] [tid: _ThreadID=133 _ThreadName=Thread-34] [timeMillis: 1544544440704] [levelValue: 800] [[
  visiting unvisited references]]

[2018-12-11T14:07:20.720-0200] [glassfish 5.0] [INFO] [] [javax.enterprise.system.tools.deployment.common] [tid: _ThreadID=133 _ThreadName=Thread-34] [timeMillis: 1544544440720] [levelValue: 800] [[
  visiting unvisited references]]

[2018-12-11T14:07:20.720-0200] [glassfish 5.0] [INFO] [] [javax.enterprise.system.tools.deployment.common] [tid: _ThreadID=133 _ThreadName=Thread-34] [timeMillis: 1544544440720] [levelValue: 800] [[
  visiting unvisited references]]

[2018-12-11T14:07:23.705-0200] [glassfish 5.0] [INFO] [jsf.config.listener.version] [javax.enterprise.resource.webcontainer.jsf.config] [tid: _ThreadID=133 _ThreadName=Thread-34] [timeMillis: 1544544443705] [levelValue: 800] [[
  Initializing Mojarra 2.3.2 ( 20170627-2139 e63598abf2ed2bb1a24674f308a734e0dce18a72) for context '']]

[2018-12-11T14:07:24.995-0200] [glassfish 5.0] [INFO] [AS-WEB-GLUE-00172] [javax.enterprise.web] [tid: _ThreadID=133 _ThreadName=Thread-34] [timeMillis: 1544544444995] [levelValue: 800] [[
  Loading application [__admingui] at [/]]]

[2018-12-11T14:07:24.997-0200] [glassfish 5.0] [INFO] [NCLS-CORE-00022] [javax.enterprise.system.core] [tid: _ThreadID=133 _ThreadName=Thread-34] [timeMillis: 1544544444997] [levelValue: 800] [[
  Loading application __admingui done in 8,494 ms]]

[2018-12-11T14:07:25.686-0200] [glassfish 5.0] [WARNING] [] [javax.enterprise.system.container.web.com.sun.web.security] [tid: _ThreadID=43 _ThreadName=admin-listener(1)] [timeMillis: 1544544445686] [levelValue: 900] [[
  Context path from ServletContext:  differs from path from bundle: /]]

[2018-12-11T14:07:26.307-0200] [glassfish 5.0] [SEVERE] [NCLS-SECURITY-05054] [javax.enterprise.system.security.ssl] [tid: _ThreadID=43 _ThreadName=admin-listener(1)] [timeMillis: 1544544446307] [levelValue: 1000] [[
  The SSL certificate has expired: [
[
  Version: V3
  Subject: OU=Equifax Secure Certificate Authority, O=Equifax, C=US
  Signature Algorithm: SHA1withRSA, OID = 1.2.840.113549.1.1.5

  Key:  Sun RSA public key, 1024 bits
  modulus: 135786214035069526348186531221551781468391756233528066061569654028671100866720352830303278016129003918213826297308054231261658522889438712013757624116391437358730449661353175673177742307421061340003741057138887918110217006515773038453829253517076741780039735595086881329494037450587568122088113584549069375417
  public exponent: 65537
  Validity: [From: Sat Aug 22 13:41:51 BRT 1998,
               To: Wed Aug 22 13:41:51 BRT 2018]
  Issuer: OU=Equifax Secure Certificate Authority, O=Equifax, C=US
  SerialNumber: [    35def4cf]

Certificate Extensions: 7
[1]: ObjectId: 1.2.840.113533.7.65.0 Criticality=false
Extension unknown: DER encoded OCTET string =
0000: 04 0D 30 0B 1B 05 56 33   2E 30 63 03 02 06 C0     ..0...V3.0c....


[2]: ObjectId: 2.5.29.35 Criticality=false
AuthorityKeyIdentifier [
KeyIdentifier [
0000: 48 E6 68 F9 2B D2 B2 95   D7 47 D8 23 20 10 4F 33  H.h.+....G.# .O3
0010: 98 90 9F D4                                        ....
]
]

[3]: ObjectId: 2.5.29.19 Criticality=false
BasicConstraints:[
  CA:true
  PathLen:2147483647
]

[4]: ObjectId: 2.5.29.31 Criticality=false
CRLDistributionPoints [
  [DistributionPoint:
     [CN=CRL1, OU=Equifax Secure Certificate Authority, O=Equifax, C=US]
]]

[5]: ObjectId: 2.5.29.15 Criticality=false
KeyUsage [
  Key_CertSign
  Crl_Sign
]

[6]: ObjectId: 2.5.29.16 Criticality=false
PrivateKeyUsage: [
To: Wed Aug 22 13:41:51 BRT 2018]

[7]: ObjectId: 2.5.29.14 Criticality=false
SubjectKeyIdentifier [
KeyIdentifier [
0000: 48 E6 68 F9 2B D2 B2 95   D7 47 D8 23 20 10 4F 33  H.h.+....G.# .O3
0010: 98 90 9F D4                                        ....
]
]

]
  Algorithm: [SHA1withRSA]
  Signature:
0000: 58 CE 29 EA FC F7 DE B5   CE 02 B9 17 B5 85 D1 B9  X.).............
0010: E3 E0 95 CC 25 31 0D 00   A6 92 6E 7F B6 92 63 9E  ....%1....n...c.
0020: 50 95 D1 9A 6F E4 11 DE   63 85 6E 98 EE A8 FF 5A  P...o...c.n....Z
0030: C8 D3 55 B2 66 71 57 DE   C0 21 EB 3D 2A A7 23 49  ..U.fqW..!.=*.#I
0040: 01 04 86 42 7B FC EE 7F   A2 16 52 B5 67 67 D3 40  ...B......R.gg.@
0050: DB 3B 26 58 B2 28 77 3D   AE 14 77 61 D6 FA 2A 66  .;&X.(w=..wa..*f
0060: 27 A0 0D FA A7 73 5C EA   70 F1 94 21 65 44 5F FA  '....s\.p..!eD_.
0070: FC EF 29 68 A9 A2 87 79   EF 79 EF 4F AC 07 77 38  ..)h...y.y.O..w8

]]]

[2018-12-11T14:07:26.308-0200] [glassfish 5.0] [SEVERE] [NCLS-SECURITY-05054] [javax.enterprise.system.security.ssl] [tid: _ThreadID=43 _ThreadName=admin-listener(1)] [timeMillis: 1544544446308] [levelValue: 1000] [[
  The SSL certificate has expired: [
[
  Version: V1
  Subject: CN=GTE CyberTrust Global Root, OU="GTE CyberTrust Solutions, Inc.", O=GTE Corporation, C=US
  Signature Algorithm: MD5withRSA, OID = 1.2.840.113549.1.1.4

  Key:  Sun RSA public key, 1024 bits
  modulus: 104674226241368487598835828377585222181792546532354327780214427055917513664449991602803276678454577364904540367827644455215731003386468752240014232146814457308076052176227490263634768927290191763858631579785604655038492469791381988347440106477066514204303723029602991655085187937840556671697442212352844587673
  public exponent: 65537
  Validity: [From: Wed Aug 12 21:29:00 BRT 1998,
               To: Mon Aug 13 20:59:00 BRT 2018]
  Issuer: CN=GTE CyberTrust Global Root, OU="GTE CyberTrust Solutions, Inc.", O=GTE Corporation, C=US
  SerialNumber: [    01a5]

]
  Algorithm: [MD5withRSA]
  Signature:
0000: 6D EB 1B 09 E9 5E D9 51   DB 67 22 61 A4 2A 3C 48  m....^.Q.g"a.*<H
0010: 77 E3 A0 7C A6 DE 73 A2   14 03 85 3D FB AB 0E 30  w.....s....=...0
0020: C5 83 16 33 81 13 08 9E   7B 34 4E DF 40 C8 74 D7  ...3.....4N.@.t.
0030: B9 7D DC F4 76 55 7D 9B   63 54 18 E9 F0 EA F3 5C  ....vU..cT.....\
0040: B1 D9 8B 42 1E B9 C0 95   4E BA FA D5 E2 7C F5 68  ...B....N......h
0050: 61 BF 8E EC 05 97 5F 5B   B0 D7 A3 85 34 C4 24 A7  a....._[....4.$.
0060: 0D 0F 95 93 EF CB 94 D8   9E 1F 9D 5C 85 6D C7 AA  ...........\.m..
0070: AE 4F 1F 22 B5 CD 95 AD   BA A7 CC F9 AB 0B 7A 7F  .O."..........z.

]]]

[2018-12-11T14:07:30.379-0200] [glassfish 5.0] [SEVERE] [NCLS-SECURITY-05054] [javax.enterprise.system.security.ssl] [tid: _ThreadID=43 _ThreadName=admin-listener(1)] [timeMillis: 1544544450379] [levelValue: 1000] [[
  The SSL certificate has expired: [
[
  Version: V3
  Subject: OU=Equifax Secure Certificate Authority, O=Equifax, C=US
  Signature Algorithm: SHA1withRSA, OID = 1.2.840.113549.1.1.5

  Key:  Sun RSA public key, 1024 bits
  modulus: 135786214035069526348186531221551781468391756233528066061569654028671100866720352830303278016129003918213826297308054231261658522889438712013757624116391437358730449661353175673177742307421061340003741057138887918110217006515773038453829253517076741780039735595086881329494037450587568122088113584549069375417
  public exponent: 65537
  Validity: [From: Sat Aug 22 13:41:51 BRT 1998,
               To: Wed Aug 22 13:41:51 BRT 2018]
  Issuer: OU=Equifax Secure Certificate Authority, O=Equifax, C=US
  SerialNumber: [    35def4cf]

Certificate Extensions: 7
[1]: ObjectId: 1.2.840.113533.7.65.0 Criticality=false
Extension unknown: DER encoded OCTET string =
0000: 04 0D 30 0B 1B 05 56 33   2E 30 63 03 02 06 C0     ..0...V3.0c....


[2]: ObjectId: 2.5.29.35 Criticality=false
AuthorityKeyIdentifier [
KeyIdentifier [
0000: 48 E6 68 F9 2B D2 B2 95   D7 47 D8 23 20 10 4F 33  H.h.+....G.# .O3
0010: 98 90 9F D4                                        ....
]
]

[3]: ObjectId: 2.5.29.19 Criticality=false
BasicConstraints:[
  CA:true
  PathLen:2147483647
]

[4]: ObjectId: 2.5.29.31 Criticality=false
CRLDistributionPoints [
  [DistributionPoint:
     [CN=CRL1, OU=Equifax Secure Certificate Authority, O=Equifax, C=US]
]]

[5]: ObjectId: 2.5.29.15 Criticality=false
KeyUsage [
  Key_CertSign
  Crl_Sign
]

[6]: ObjectId: 2.5.29.16 Criticality=false
PrivateKeyUsage: [
To: Wed Aug 22 13:41:51 BRT 2018]

[7]: ObjectId: 2.5.29.14 Criticality=false
SubjectKeyIdentifier [
KeyIdentifier [
0000: 48 E6 68 F9 2B D2 B2 95   D7 47 D8 23 20 10 4F 33  H.h.+....G.# .O3
0010: 98 90 9F D4                                        ....
]
]

]
  Algorithm: [SHA1withRSA]
  Signature:
0000: 58 CE 29 EA FC F7 DE B5   CE 02 B9 17 B5 85 D1 B9  X.).............
0010: E3 E0 95 CC 25 31 0D 00   A6 92 6E 7F B6 92 63 9E  ....%1....n...c.
0020: 50 95 D1 9A 6F E4 11 DE   63 85 6E 98 EE A8 FF 5A  P...o...c.n....Z
0030: C8 D3 55 B2 66 71 57 DE   C0 21 EB 3D 2A A7 23 49  ..U.fqW..!.=*.#I
0040: 01 04 86 42 7B FC EE 7F   A2 16 52 B5 67 67 D3 40  ...B......R.gg.@
0050: DB 3B 26 58 B2 28 77 3D   AE 14 77 61 D6 FA 2A 66  .;&X.(w=..wa..*f
0060: 27 A0 0D FA A7 73 5C EA   70 F1 94 21 65 44 5F FA  '....s\.p..!eD_.
0070: FC EF 29 68 A9 A2 87 79   EF 79 EF 4F AC 07 77 38  ..)h...y.y.O..w8

]]]

[2018-12-11T14:07:30.381-0200] [glassfish 5.0] [SEVERE] [NCLS-SECURITY-05054] [javax.enterprise.system.security.ssl] [tid: _ThreadID=43 _ThreadName=admin-listener(1)] [timeMillis: 1544544450381] [levelValue: 1000] [[
  The SSL certificate has expired: [
[
  Version: V1
  Subject: CN=GTE CyberTrust Global Root, OU="GTE CyberTrust Solutions, Inc.", O=GTE Corporation, C=US
  Signature Algorithm: MD5withRSA, OID = 1.2.840.113549.1.1.4

  Key:  Sun RSA public key, 1024 bits
  modulus: 104674226241368487598835828377585222181792546532354327780214427055917513664449991602803276678454577364904540367827644455215731003386468752240014232146814457308076052176227490263634768927290191763858631579785604655038492469791381988347440106477066514204303723029602991655085187937840556671697442212352844587673
  public exponent: 65537
  Validity: [From: Wed Aug 12 21:29:00 BRT 1998,
               To: Mon Aug 13 20:59:00 BRT 2018]
  Issuer: CN=GTE CyberTrust Global Root, OU="GTE CyberTrust Solutions, Inc.", O=GTE Corporation, C=US
  SerialNumber: [    01a5]

]
  Algorithm: [MD5withRSA]
  Signature:
0000: 6D EB 1B 09 E9 5E D9 51   DB 67 22 61 A4 2A 3C 48  m....^.Q.g"a.*<H
0010: 77 E3 A0 7C A6 DE 73 A2   14 03 85 3D FB AB 0E 30  w.....s....=...0
0020: C5 83 16 33 81 13 08 9E   7B 34 4E DF 40 C8 74 D7  ...3.....4N.@.t.
0030: B9 7D DC F4 76 55 7D 9B   63 54 18 E9 F0 EA F3 5C  ....vU..cT.....\
0040: B1 D9 8B 42 1E B9 C0 95   4E BA FA D5 E2 7C F5 68  ...B....N......h
0050: 61 BF 8E EC 05 97 5F 5B   B0 D7 A3 85 34 C4 24 A7  a....._[....4.$.
0060: 0D 0F 95 93 EF CB 94 D8   9E 1F 9D 5C 85 6D C7 AA  ...........\.m..
0070: AE 4F 1F 22 B5 CD 95 AD   BA A7 CC F9 AB 0B 7A 7F  .O."..........z.

]]]

[2018-12-11T14:07:30.470-0200] [glassfish 5.0] [INFO] [] [org.glassfish.admingui] [tid: _ThreadID=43 _ThreadName=admin-listener(1)] [timeMillis: 1544544450470] [levelValue: 800] [[
  Redirecting to /]]

[2018-12-11T14:07:30.904-0200] [glassfish 5.0] [INFO] [] [org.glassfish.admingui] [tid: _ThreadID=47 _ThreadName=admin-listener(5)] [timeMillis: 1544544450904] [levelValue: 800] [[
  Admin Console: Initializing Session Attributes...]]

[2018-12-11T14:08:59.703-0200] [glassfish 5.0] [INFO] [NCLS-SECURITY-01115] [javax.enterprise.system.core.security] [tid: _ThreadID=144 _ThreadName=admin-listener(6)] [timeMillis: 1544544539703] [levelValue: 800] [[
  Realm [esun-jdbc-realm] of classtype [com.sun.enterprise.security.auth.realm.jdbc.JDBCRealm] successfully created.]]

[2018-12-11T14:09:35.092-0200] [glassfish 5.0] [INFO] [NCLS-CORE-00092] [javax.enterprise.system.core] [tid: _ThreadID=156 _ThreadName=Thread-40] [timeMillis: 1544544575092] [levelValue: 800] [[
  Server shutdown initiated]]

[2018-12-11T14:09:35.108-0200] [glassfish 5.0] [INFO] [NCLS-BOOTSTRAP-00028] [javax.enterprise.bootstrap] [tid: _ThreadID=156 _ThreadName=Thread-40] [timeMillis: 1544544575108] [levelValue: 800] [[
  Unregistered com.sun.enterprise.glassfish.bootstrap.osgi.EmbeddedOSGiGlassFishImpl@6c6333cd from service registry.]]

[2018-12-11T14:09:35.108-0200] [glassfish 5.0] [INFO] [] [] [tid: _ThreadID=156 _ThreadName=Thread-8] [timeMillis: 1544544575108] [levelValue: 800] [[
  FileMonitoring shutdown]]

[2018-12-11T14:09:35.123-0200] [glassfish 5.0] [INFO] [NCLS-JMX-00002] [javax.enterprise.system.jmx] [tid: _ThreadID=156 _ThreadName=Thread-40] [timeMillis: 1544544575123] [levelValue: 800] [[
  JMXStartupService: Stopped JMXConnectorServer: null]]

[2018-12-11T14:09:35.123-0200] [glassfish 5.0] [INFO] [NCLS-JMX-00001] [javax.enterprise.system.jmx] [tid: _ThreadID=156 _ThreadName=Thread-40] [timeMillis: 1544544575123] [levelValue: 800] [[
  JMXStartupService and JMXConnectors have been shut down.]]

[2018-12-11T14:09:35.378-0200] [glassfish 5.0] [INFO] [] [org.eclipse.persistence.session./file:/C:/Users/Automacao/Desktop/Files/esun/esun/esun-server/target/esun-server-1.0-SNAPSHOT/WEB-INF/classes/_esunPU.connection] [tid: _ThreadID=160 _ThreadName=RunLevelControllerThread-1544544575157] [timeMillis: 1544544575378] [levelValue: 800] [[
  /file:/C:/Users/Automacao/Desktop/Files/esun/esun/esun-server/target/esun-server-1.0-SNAPSHOT/WEB-INF/classes/_esunPU logout successful]]

[2018-12-11T14:09:35.441-0200] [glassfish 5.0] [INFO] [] [] [tid: _ThreadID=160 _ThreadName=Thread-8] [timeMillis: 1544544575441] [levelValue: 800] [[
  JdbcRuntimeExtension,  getAllSystemRAResourcesAndPools = [GlassFishConfigBean.org.glassfish.jdbc.config.JdbcResource, GlassFishConfigBean.org.glassfish.jdbc.config.JdbcResource, GlassFishConfigBean.org.glassfish.jdbc.config.JdbcConnectionPool, GlassFishConfigBean.org.glassfish.jdbc.config.JdbcConnectionPool, GlassFishConfigBean.org.glassfish.jdbc.config.JdbcConnectionPool, GlassFishConfigBean.org.glassfish.jdbc.config.JdbcResource]]]

[2018-12-11T14:09:35.458-0200] [glassfish 5.0] [INFO] [ra.stop-successful] [javax.enterprise.resource.resourceadapter.com.sun.enterprise.connectors.service] [tid: _ThreadID=164 _ThreadName=Thread-47] [timeMillis: 1544544575458] [levelValue: 800] [[
  RAR7094: __ds_jdbc_ra shutdown successful.]]

